<?xml version="1.0" encoding="UTF-8"?>
<!-- Generated by org.testng.reporters.JUnitReportReporter -->
<testsuite hostname="LAPTOP-0ABIQCBC" failures="0" tests="2" name="testcases.PrivilegePaymenTest" time="70.029" errors="0" timestamp="2021-11-28T23:50:31 IST" skipped="0">
  <testcase classname="testcases.PrivilegePaymenTest" name="calculatePrivilegePaymentTab" time="35.783"/>
  <system-out/>
  <testcase classname="testcases.PrivilegePaymenTest" name="calculatePrivilegePaymentTab" time="34.246"/>
  <system-out/>
</testsuite> <!-- testcases.PrivilegePaymenTest -->
